{
  "RSpec": {
    "coverage": {
      "/Users/andrii_okhrimets/payment-api/spec/support/api_helper.rb": {
        "lines": [
          1,
          null,
          1,
          1,
          0,
          null,
          null,
          1,
          0,
          null,
          null,
          1,
          0,
          null,
          null,
          null,
          1,
          1,
          null
        ]
      },
      "/Users/andrii_okhrimets/payment-api/spec/support/bullet.rb": {
        "lines": [
          1,
          0,
          0,
          0,
          null,
          null,
          0,
          0,
          0,
          null,
          null,
          null
        ]
      },
      "/Users/andrii_okhrimets/payment-api/spec/support/database_cleaner.rb": {
        "lines": [
          null,
          null,
          1,
          null,
          1,
          1,
          1,
          null,
          null,
          1,
          18,
          null,
          null,
          1,
          0,
          null,
          null,
          1,
          18,
          null,
          null,
          1,
          18,
          null,
          null
        ]
      },
      "/Users/andrii_okhrimets/payment-api/spec/support/dummy_model.rb": {
        "lines": [
          1,
          1,
          null,
          null,
          null,
          null,
          null,
          1,
          0,
          0,
          0,
          null,
          null,
          1,
          0,
          0,
          null,
          0,
          null,
          null,
          null,
          1,
          0,
          null,
          null,
          1,
          null,
          1,
          0,
          0,
          null,
          0,
          null,
          0,
          0,
          null,
          null,
          0,
          0,
          null,
          null,
          0,
          0,
          null,
          null,
          null,
          null
        ]
      },
      "/Users/andrii_okhrimets/payment-api/spec/support/factory_bot.rb": {
        "lines": [
          null,
          null,
          1,
          1,
          null
        ]
      },
      "/Users/andrii_okhrimets/payment-api/spec/support/jobs_helpers.rb": {
        "lines": [
          1,
          null,
          1,
          1,
          0,
          null,
          null,
          1,
          0,
          0,
          null,
          null,
          null,
          1,
          1,
          null
        ]
      },
      "/Users/andrii_okhrimets/payment-api/spec/support/json_matchers.rb": {
        "lines": [
          null,
          null,
          1
        ]
      },
      "/Users/andrii_okhrimets/payment-api/spec/support/json_schema_generator.rb": {
        "lines": [
          null,
          null,
          1,
          1,
          0,
          null,
          0,
          0,
          0,
          0,
          0,
          0,
          null,
          null
        ]
      },
      "/Users/andrii_okhrimets/payment-api/spec/support/request_helpers.rb": {
        "lines": [
          null,
          null,
          1,
          1,
          1,
          3,
          null,
          3,
          null,
          null,
          null
        ]
      },
      "/Users/andrii_okhrimets/payment-api/spec/support/rspec_matchers.rb": {
        "lines": [
          null,
          1,
          0,
          null,
          null,
          null,
          1,
          0,
          0,
          null,
          null,
          0,
          0,
          null,
          0,
          null,
          null,
          null
        ]
      },
      "/Users/andrii_okhrimets/payment-api/spec/support/rswag/parameters/pagination.rb": {
        "lines": [
          1,
          1,
          1,
          1,
          1,
          null,
          1,
          null,
          null,
          null,
          null,
          null
        ]
      },
      "/Users/andrii_okhrimets/payment-api/spec/support/settings_helper.rb": {
        "lines": [
          1,
          null,
          1,
          1,
          0,
          null,
          null,
          null,
          1,
          1,
          null
        ]
      },
      "/Users/andrii_okhrimets/payment-api/spec/support/shared_examples/responds_with_schema.rb": {
        "lines": [
          1,
          3,
          3,
          null,
          3,
          0,
          null,
          0,
          0,
          0,
          null,
          0,
          null,
          null,
          3,
          null,
          null
        ]
      },
      "/Users/andrii_okhrimets/payment-api/spec/support/shoulda.rb": {
        "lines": [
          null,
          null,
          1,
          1,
          1,
          1,
          null,
          null
        ]
      },
      "/Users/andrii_okhrimets/payment-api/app/interactors/billing/payment_intent.rb": {
        "lines": [
          1,
          1,
          1,
          null,
          1,
          null,
          1,
          null,
          1,
          4,
          null,
          4,
          12,
          null,
          12,
          2,
          2,
          null,
          null,
          null,
          2,
          null,
          0,
          null,
          0,
          null,
          null,
          1,
          null,
          1,
          12,
          null,
          null,
          1,
          2,
          1,
          null,
          null,
          1,
          1,
          null,
          null,
          null,
          null,
          null,
          null,
          1,
          2,
          null,
          null,
          null,
          null
        ]
      },
      "/Users/andrii_okhrimets/payment-api/spec/interactors/billing/retry_payment_intent_spec.rb": {
        "lines": [
          1,
          null,
          1,
          3,
          null,
          3,
          null,
          1,
          1,
          2,
          2,
          null,
          1,
          1,
          null,
          1,
          null,
          null,
          null,
          null,
          1,
          2,
          2,
          null,
          1,
          1,
          null,
          1,
          null,
          null,
          null,
          null,
          null
        ]
      },
      "/Users/andrii_okhrimets/payment-api/app/interactors/billing/retry_payment_intent.rb": {
        "lines": [
          1,
          1,
          1,
          null,
          1,
          null,
          1,
          2,
          null,
          2,
          null,
          1,
          null,
          null,
          null
        ]
      },
      "/Users/andrii_okhrimets/payment-api/spec/jobs/retry_payment_intent_job_spec.rb": {
        "lines": [
          1,
          null,
          1,
          1,
          null,
          2,
          2,
          2,
          2,
          null,
          1,
          1,
          null,
          null,
          1,
          1,
          1,
          null,
          1,
          1,
          1,
          1,
          null,
          null,
          null
        ]
      },
      "/Users/andrii_okhrimets/payment-api/app/jobs/retry_payment_intent_job.rb": {
        "lines": [
          1,
          1,
          1,
          2,
          null,
          null,
          null
        ]
      },
      "/Users/andrii_okhrimets/payment-api/app/jobs/application_job.rb": {
        "lines": [
          null,
          null,
          1,
          null
        ]
      },
      "/Users/andrii_okhrimets/payment-api/spec/models/subscription_spec.rb": {
        "lines": [
          1,
          null,
          1,
          1,
          2,
          null,
          2,
          null,
          null,
          1,
          3,
          null,
          1,
          2,
          null,
          1,
          1,
          null,
          null,
          null,
          1,
          2,
          null,
          1,
          1,
          null,
          null,
          null,
          null,
          1,
          3,
          null,
          1,
          2,
          null,
          1,
          1,
          null,
          null,
          null,
          1,
          2,
          null,
          1,
          1,
          null,
          null,
          null,
          null
        ]
      },
      "/Users/andrii_okhrimets/payment-api/app/models/subscription.rb": {
        "lines": [
          null,
          null,
          null,
          null,
          null,
          null,
          null,
          null,
          null,
          null,
          null,
          null,
          null,
          null,
          null,
          1,
          1,
          null,
          1,
          6,
          null,
          null,
          1,
          6,
          null,
          null
        ]
      },
      "/Users/andrii_okhrimets/payment-api/app/models/application_record.rb": {
        "lines": [
          null,
          null,
          1,
          1,
          null
        ]
      },
      "/Users/andrii_okhrimets/payment-api/spec/requests/api/v1/payment_intents_spec.rb": {
        "lines": [
          1,
          null,
          1,
          1,
          1,
          1,
          1,
          1,
          null,
          1,
          null,
          2,
          null,
          1,
          1,
          null,
          1,
          null,
          1,
          null,
          null,
          null,
          1,
          1,
          1,
          1,
          null,
          1,
          null,
          null,
          null,
          null,
          null,
          null,
          null,
          null,
          1,
          1,
          null,
          3,
          4,
          null,
          3,
          null,
          1,
          1,
          null,
          1,
          null,
          1,
          null,
          null,
          1,
          2,
          null,
          1,
          1,
          null,
          null,
          1,
          null,
          null,
          1,
          2,
          null,
          1,
          null,
          null,
          null,
          null,
          1,
          1,
          1,
          1,
          1,
          null,
          1,
          2,
          null,
          1,
          null,
          1,
          null,
          1,
          null,
          null,
          1,
          2,
          1,
          null,
          null,
          null,
          null
        ]
      },
      "/Users/andrii_okhrimets/payment-api/spec/serializers/v1/subscriptions/subscription_serializer_spec.rb": {
        "lines": [
          1,
          null,
          1,
          2,
          null,
          1,
          1,
          null,
          null,
          null,
          1,
          null,
          1,
          null,
          null,
          null,
          null,
          null,
          null,
          null,
          null,
          1,
          1,
          null,
          null
        ]
      },
      "/Users/andrii_okhrimets/payment-api/app/serializers/v1/subscriptions/subscription_serializer.rb": {
        "lines": [
          1,
          1,
          1,
          1,
          null,
          null,
          null,
          null
        ]
      },
      "/Users/andrii_okhrimets/payment-api/app/serializers/application_serializer.rb": {
        "lines": [
          1,
          1,
          4,
          null,
          null,
          1,
          null,
          1,
          0,
          null,
          null,
          1,
          0,
          null,
          null
        ]
      },
      "/Users/andrii_okhrimets/payment-api/app/controllers/api/v1/payment_intents_controller.rb": {
        "lines": [
          1,
          1,
          1,
          1,
          1,
          null,
          1,
          null,
          null,
          1,
          2,
          null,
          1,
          null,
          null,
          1,
          3,
          null,
          null,
          null,
          null,
          2,
          null,
          2,
          1,
          null,
          1,
          null,
          null,
          null,
          1,
          null,
          1,
          5,
          null,
          null,
          null,
          null
        ]
      },
      "/Users/andrii_okhrimets/payment-api/app/controllers/api/base_controller.rb": {
        "lines": [
          null,
          null,
          1,
          1,
          1,
          1,
          null,
          1,
          1,
          null,
          1,
          null,
          null,
          1,
          0,
          null,
          null,
          null
        ]
      },
      "/Users/andrii_okhrimets/payment-api/app/controllers/concerns/api_responses_concern.rb": {
        "lines": [
          1,
          1,
          null,
          1,
          null,
          null,
          1,
          1,
          1,
          null,
          0,
          null,
          null,
          null,
          null,
          1,
          2,
          2,
          null,
          null,
          null,
          1,
          0,
          null,
          null,
          1,
          6,
          null,
          null
        ]
      }
    },
    "timestamp": 1730674400
  }
}
